<?xml version="1.0" encoding="UTF-8"?>
<!-- Generated by org.testng.reporters.JUnitReportReporter -->
<testsuite hostname="DESKTOP-RV4J6LG" failures="0" tests="1" name="com.inetbanking.testCases.TC_AddCustomerTest_003" time="17.354" errors="0" timestamp="28 Jan 2024 10:22:27 GMT" skipped="0">
  <testcase classname="com.inetbanking.testCases.TC_AddCustomerTest_003" name="createNewCustomer" time="17.354"/>
</testsuite> <!-- com.inetbanking.testCases.TC_AddCustomerTest_003 -->
