<?xml version="1.0" encoding="UTF-8"?>
<!-- Generated by org.testng.reporters.JUnitReportReporter -->
<testsuite hostname="DESKTOP-RV4J6LG" failures="0" tests="1" name="com.inetbanking.testCases.TC_LoginTest_001" time="1.964" errors="0" timestamp="2024-01-27T18:40:20 IST" skipped="0">
  <testcase classname="com.inetbanking.testCases.TC_LoginTest_001" name="loginTest" time="1.964"/>
</testsuite> <!-- com.inetbanking.testCases.TC_LoginTest_001 -->
